<?xml version="1.0" encoding="UTF-8"?>
<!-- Generated by org.testng.reporters.JUnitReportReporter -->
<testsuite hostname="DESKTOP-K20R6LF" failures="0" tests="1" name="businessSuite.ShoppingBol" time="13.847" errors="0" timestamp="07 Sep 2018 07:39:59 GMT" skipped="0">
  <testcase classname="businessSuite.ShoppingBol" name="executeTestCase" time="13.847"/>
</testsuite> <!-- businessSuite.ShoppingBol -->
